
> @latticexyz/services@1.42.0 build /Users/curtischong/Documents/dev/mud/packages/services
> pnpm run build:go && pnpm run build:protobuf && pnpm run build:js


> @latticexyz/services@1.42.0 build:go /Users/curtischong/Documents/dev/mud/packages/services
> make build

go build -ldflags "-X main.GitCommit=323d1e5f68a33dd61d053049d93c1221eb100360 -X main.GitDate=1688320830" -o ./bin/faucet ./cmd/faucet
# github.com/rjeczalik/notify
cgo-gcc-prolog:217:2: warning: 'FSEventStreamScheduleWithRunLoop' is deprecated: first deprecated in macOS 13.0 - Use FSEventStreamSetDispatchQueue instead. [-Wdeprecated-declarations]
/Applications/Xcode.app/Contents/Developer/Platforms/MacOSX.platform/Developer/SDKs/MacOSX.sdk/System/Library/Frameworks/CoreServices.framework/Frameworks/FSEvents.framework/Headers/FSEvents.h:1138:1: note: 'FSEventStreamScheduleWithRunLoop' has been explicitly marked deprecated here
go build -ldflags "-X main.GitCommit=323d1e5f68a33dd61d053049d93c1221eb100360 -X main.GitDate=1688320830" -o ./bin/mode ./cmd/mode
# github.com/rjeczalik/notify
cgo-gcc-prolog:217:2: warning: 'FSEventStreamScheduleWithRunLoop' is deprecated: first deprecated in macOS 13.0 - Use FSEventStreamSetDispatchQueue instead. [-Wdeprecated-declarations]
/Applications/Xcode.app/Contents/Developer/Platforms/MacOSX.platform/Developer/SDKs/MacOSX.sdk/System/Library/Frameworks/CoreServices.framework/Frameworks/FSEvents.framework/Headers/FSEvents.h:1138:1: note: 'FSEventStreamScheduleWithRunLoop' has been explicitly marked deprecated here

> @latticexyz/services@1.42.0 build:protobuf /Users/curtischong/Documents/dev/mud/packages/services
> make protoc-ts && prettier --write protobuf/ts/**/*.ts

mkdir -p ./protobuf/ts/ecs-stream
mkdir -p ./protobuf/ts/ecs-snapshot
mkdir -p ./protobuf/ts/ecs-relay
mkdir -p ./protobuf/ts/faucet
mkdir -p ./protobuf/ts/mode
protoc \
	--plugin protoc-gen-ts_proto=./node_modules/.bin/protoc-gen-ts_proto \
	--ts_proto_out ./protobuf/ts/ecs-stream \
	--ts_proto_opt=env=browser,outputServices=nice-grpc,outputServices=generic-definitions,outputJsonMethods=false,useExactTypes=false,eslint_disable,esModuleInterop=true,importSuffix=.js \
	--proto_path proto proto/ecs-stream.proto 
protoc \
	--plugin protoc-gen-ts_proto=./node_modules/.bin/protoc-gen-ts_proto \
	--ts_proto_out ./protobuf/ts/ecs-snapshot \
	--ts_proto_opt=env=browser,outputServices=nice-grpc,outputServices=generic-definitions,outputJsonMethods=false,useExactTypes=false,eslint_disable,esModuleInterop=true,importSuffix=.js \
	--proto_path proto proto/ecs-snapshot.proto 
protoc \
	--plugin protoc-gen-ts_proto=./node_modules/.bin/protoc-gen-ts_proto \
	--ts_proto_out ./protobuf/ts/ecs-relay \
	--ts_proto_opt=env=browser,outputServices=nice-grpc,outputServices=generic-definitions,outputJsonMethods=false,useExactTypes=false,eslint_disable,esModuleInterop=true,importSuffix=.js \
	--proto_path proto proto/ecs-relay.proto 
protoc \
	--plugin protoc-gen-ts_proto=./node_modules/.bin/protoc-gen-ts_proto \
	--ts_proto_out ./protobuf/ts/faucet \
	--ts_proto_opt=env=browser,outputServices=nice-grpc,outputServices=generic-definitions,outputJsonMethods=false,useExactTypes=false,eslint_disable,esModuleInterop=true,importSuffix=.js \
	--proto_path proto proto/faucet.proto 
protoc \
	--plugin protoc-gen-ts_proto=./node_modules/.bin/protoc-gen-ts_proto \
	--ts_proto_out ./protobuf/ts/mode \
	--ts_proto_opt=env=browser,outputServices=nice-grpc,outputServices=generic-definitions,outputJsonMethods=false,useExactTypes=false,eslint_disable,esModuleInterop=true,importSuffix=.js \
	--proto_path proto proto/mode.proto 
protobuf/ts/ecs-relay/ecs-relay.ts 175ms
protobuf/ts/ecs-snapshot/ecs-snapshot.ts 73ms
protobuf/ts/ecs-stream/ecs-stream.ts 47ms
protobuf/ts/faucet/faucet.ts 69ms
protobuf/ts/mode/mode.ts 98ms

> @latticexyz/services@1.42.0 build:js /Users/curtischong/Documents/dev/mud/packages/services
> tsup

CLI Building entry: {"ecs-relay":"protobuf/ts/ecs-relay/ecs-relay.ts","ecs-snapshot":"protobuf/ts/ecs-snapshot/ecs-snapshot.ts","ecs-stream":"protobuf/ts/ecs-stream/ecs-stream.ts","faucet":"protobuf/ts/faucet/faucet.ts","mode":"protobuf/ts/mode/mode.ts"}
CLI Using tsconfig: tsconfig.json
CLI tsup v6.7.0
CLI Using tsup config: /Users/curtischong/Documents/dev/mud/packages/services/tsup.config.ts
CLI Target: esnext
CLI Cleaning output folder
ESM Build start
ESM dist/ecs-relay.js        18.09 KB
ESM dist/faucet.js           25.93 KB
ESM dist/ecs-snapshot.js     22.80 KB
ESM dist/mode.js             43.04 KB
ESM dist/ecs-stream.js       11.10 KB
ESM dist/ecs-relay.js.map    39.28 KB
ESM dist/faucet.js.map       54.57 KB
ESM dist/ecs-snapshot.js.map 48.44 KB
ESM dist/mode.js.map         87.39 KB
ESM dist/ecs-stream.js.map   22.45 KB
ESM ⚡️ Build success in 12ms
